<?xml version="1.0" encoding="UTF-8"?>
<!-- Generated by org.testng.reporters.JUnitReportReporter -->
<testsuite skipped="0" hostname="DESKTOP-OB1OE1J" name="com.nitara.APIFunctions.GetFarmId" tests="1" failures="0" timestamp="2022-09-12T07:54:45 IST" time="2.995" errors="0">
  <testcase name="getFarmId" time="2.995" classname="com.nitara.APIFunctions.GetFarmId"/>
  <system-out/>
</testsuite> <!-- com.nitara.APIFunctions.GetFarmId -->
