<?xml version="1.0" encoding="UTF-8"?>
<!-- Generated by org.testng.reporters.JUnitReportReporter -->
<testsuite hostname="DESKTOP-BR822IA" failures="0" tests="2" name="com.nitara.AccountManagement.SignUp" time="127.432" errors="0" timestamp="2022-12-16T17:13:57 IST" skipped="0">
  <testcase classname="com.nitara.AccountManagement.SignUp" name="SignUp_ValidData" time="32.600"/>
  <system-out/>
  <testcase classname="com.nitara.AccountManagement.SignUp" name="setupAccount" time="94.832"/>
  <system-out/>
</testsuite> <!-- com.nitara.AccountManagement.SignUp -->
