<?xml version="1.0" encoding="UTF-8"?>
<!-- Generated by org.testng.reporters.JUnitReportReporter -->
<testsuite hostname="DESKTOP-BR822IA" failures="0" tests="1" name="com.nitara.AccountManagement.Login" time="52.677" errors="0" timestamp="2022-12-16T17:20:08 IST" skipped="0">
  <testcase classname="com.nitara.AccountManagement.Login" name="Login_ValidData" time="52.677"/>
  <system-out/>
</testsuite> <!-- com.nitara.AccountManagement.Login -->
