<?xml version="1.0" encoding="UTF-8"?>
<!-- Generated by org.testng.reporters.JUnitReportReporter -->
<testsuite hostname="DESKTOP-BR822IA" failures="0" tests="1" name="com.nitara.CattleManagement.RemoveCattle" time="37.403" errors="0" timestamp="2022-11-14T20:23:19 IST" skipped="0">
  <testcase classname="com.nitara.CattleManagement.RemoveCattle" name="CattleProfile_RemoveCattle" time="37.403"/>
  <system-out/>
</testsuite> <!-- com.nitara.CattleManagement.RemoveCattle -->
