<?xml version="1.0" encoding="UTF-8"?>
<!-- Generated by org.testng.reporters.JUnitReportReporter -->
<testsuite hostname="DESKTOP-BR822IA" failures="0" tests="2" name="com.nitara.HealthManagement.EditVaccination" time="-1671187712.000" errors="1" timestamp="2022-12-16T16:18:04 IST" skipped="1">
  <testcase classname="com.nitara.HealthManagement.EditVaccination" name="Vaccination_EditData" time="0.000">
    <skipped/>
  </testcase> <!-- Vaccination_EditData -->
  <system-out/>
  <testcase classname="com.nitara.HealthManagement.EditVaccination" name="initialize" time="-1671187712.000">
    <error message="
Parameter &#039;URL&#039; is required by BeforeMethod on method initialize but has not been marked @Optional or defined
in C:\Users\MAYANKMAURYA\Desktop\CICT\AndroidAutomation_Farmer\testng.xml" type="org.testng.TestNGException">
      <![CDATA[org.testng.TestNGException: 
Parameter 'URL' is required by BeforeMethod on method initialize but has not been marked @Optional or defined
in C:\Users\MAYANKMAURYA\Desktop\CICT\AndroidAutomation_Farmer\testng.xml
at org.testng.internal.Parameters.createParams(Parameters.java:270)
at org.testng.internal.Parameters.createParametersForMethod(Parameters.java:358)
at org.testng.internal.Parameters.createParameters(Parameters.java:700)
at org.testng.internal.Parameters.createConfigurationParameters(Parameters.java:168)
at org.testng.internal.ConfigInvoker.invokeConfigurations(ConfigInvoker.java:302)
at org.testng.internal.TestInvoker.runConfigMethods(TestInvoker.java:700)
at org.testng.internal.TestInvoker.invokeMethod(TestInvoker.java:527)
at org.testng.internal.TestInvoker.invokeTestMethod(TestInvoker.java:173)
at org.testng.internal.MethodRunner.runInSequence(MethodRunner.java:46)
at org.testng.internal.TestInvoker$MethodInvocationAgent.invoke(TestInvoker.java:824)
at org.testng.internal.TestInvoker.invokeTestMethods(TestInvoker.java:146)
at org.testng.internal.TestMethodWorker.invokeTestMethods(TestMethodWorker.java:146)
at org.testng.internal.TestMethodWorker.run(TestMethodWorker.java:128)
at java.base/java.util.concurrent.ThreadPoolExecutor.runWorker(ThreadPoolExecutor.java:1128)
at java.base/java.util.concurrent.ThreadPoolExecutor$Worker.run(ThreadPoolExecutor.java:628)
at java.base/java.lang.Thread.run(Thread.java:834)
]]>
    </error>
  </testcase> <!-- initialize -->
  <system-out/>
</testsuite> <!-- com.nitara.HealthManagement.EditVaccination -->
